<?xml version="1.0" encoding="UTF-8"?>
<!-- Generated by org.testng.reporters.JUnitXMLReporter -->
<testsuite hostname="ip-172-31-83-226" ignored="0" name="Test" tests="5" failures="0" timestamp="2021-10-26T09:34:29 UTC" time="9.802" errors="0">
  <testcase name="titleVerification" time="5.837" classname="demoWithTestNG.ExplicitWaitDemo"/>
  <testcase name="titleVerification" time="0.01" classname="demoWithTestNG.VerifyTitle"/>
  <testcase name="titleVerification" time="0.008" classname="demoWithTestNG.MutipleValidation"/>
  <testcase name="verifyText" time="0.024" classname="demoWithTestNG.MutipleValidation"/>
  <testcase name="verifySignInBtnIsEnabled" time="0.017" classname="demoWithTestNG.MutipleValidation"/>
</testsuite> <!-- Test -->
