<?xml version="1.0" encoding="UTF-8"?>
<!-- Generated by org.testng.reporters.JUnitXMLReporter -->
<testsuite hostname="ip-172-31-83-226" ignored="0" name="Test2" tests="3" failures="0" timestamp="2021-10-28T12:14:47 UTC" time="3.704" errors="0">
  <testcase name="titleVerification" time="0.008" classname="demoWithTestNG.CrossBrowserTest"/>
  <testcase name="verifyText" time="0.112" classname="demoWithTestNG.CrossBrowserTest"/>
  <testcase name="verifySignInBtnIsEnabled" time="0.074" classname="demoWithTestNG.CrossBrowserTest"/>
</testsuite> <!-- Test2 -->
