<?xml version="1.0" encoding="UTF-8"?>
<!-- Generated by org.testng.reporters.JUnitXMLReporter -->
<testsuite hostname="ip-172-31-83-226" ignored="0" name="Test1" tests="3" failures="0" timestamp="2021-10-28T12:14:43 UTC" time="2.836" errors="0">
  <testcase name="titleVerification" time="0.179" classname="demoWithTestNG.CrossBrowserTest"/>
  <testcase name="verifyText" time="0.039" classname="demoWithTestNG.CrossBrowserTest"/>
  <testcase name="verifySignInBtnIsEnabled" time="0.022" classname="demoWithTestNG.CrossBrowserTest"/>
</testsuite> <!-- Test1 -->
